[0.009s] Invoking command in '/home/telegdicsongor/Robot_projekt/pparm_ws/build/pparm_ros2': CMAKE_PREFIX_PATH=${CMAKE_PREFIX_PATH}:/opt/ros/jazzy DEBUGINFOD_URLS=https://debuginfod.ubuntu.com /usr/bin/cmake --build /home/telegdicsongor/Robot_projekt/pparm_ws/build/pparm_ros2 -- -j4 -l4
[0.045s] Invoked command in '/home/telegdicsongor/Robot_projekt/pparm_ws/build/pparm_ros2' returned '0': CMAKE_PREFIX_PATH=${CMAKE_PREFIX_PATH}:/opt/ros/jazzy DEBUGINFOD_URLS=https://debuginfod.ubuntu.com /usr/bin/cmake --build /home/telegdicsongor/Robot_projekt/pparm_ws/build/pparm_ros2 -- -j4 -l4
[0.050s] Invoking command in '/home/telegdicsongor/Robot_projekt/pparm_ws/build/pparm_ros2': CMAKE_PREFIX_PATH=${CMAKE_PREFIX_PATH}:/opt/ros/jazzy DEBUGINFOD_URLS=https://debuginfod.ubuntu.com /usr/bin/cmake --install /home/telegdicsongor/Robot_projekt/pparm_ws/build/pparm_ros2
[0.054s] -- Install configuration: ""
[0.054s] -- Up-to-date: /home/telegdicsongor/Robot_projekt/pparm_ws/install/pparm_ros2/share/pparm_ros2/launch
[0.054s] -- Up-to-date: /home/telegdicsongor/Robot_projekt/pparm_ws/install/pparm_ros2/share/pparm_ros2/launch/pp_world.launch.py
[0.054s] -- Installing: /home/telegdicsongor/Robot_projekt/pparm_ws/install/pparm_ros2/share/pparm_ros2/launch/check_urdf.launch.py
[0.054s] -- Up-to-date: /home/telegdicsongor/Robot_projekt/pparm_ws/install/pparm_ros2/share/pparm_ros2/worlds
[0.055s] -- Up-to-date: /home/telegdicsongor/Robot_projekt/pparm_ws/install/pparm_ros2/share/pparm_ros2/worlds/pp_world.sdf
[0.055s] -- Up-to-date: /home/telegdicsongor/Robot_projekt/pparm_ws/install/pparm_ros2/share/pparm_ros2/urdf
[0.055s] -- Up-to-date: /home/telegdicsongor/Robot_projekt/pparm_ws/install/pparm_ros2/share/pparm_ros2/urdf/arm.urdf
[0.055s] -- Up-to-date: /home/telegdicsongor/Robot_projekt/pparm_ws/install/pparm_ros2/share/pparm_ros2/rviz
[0.055s] -- Up-to-date: /home/telegdicsongor/Robot_projekt/pparm_ws/install/pparm_ros2/share/pparm_ros2/meshes
[0.055s] -- Up-to-date: /home/telegdicsongor/Robot_projekt/pparm_ws/install/pparm_ros2/share/ament_index/resource_index/package_run_dependencies/pparm_ros2
[0.055s] -- Up-to-date: /home/telegdicsongor/Robot_projekt/pparm_ws/install/pparm_ros2/share/ament_index/resource_index/parent_prefix_path/pparm_ros2
[0.055s] -- Up-to-date: /home/telegdicsongor/Robot_projekt/pparm_ws/install/pparm_ros2/share/pparm_ros2/environment/ament_prefix_path.sh
[0.055s] -- Up-to-date: /home/telegdicsongor/Robot_projekt/pparm_ws/install/pparm_ros2/share/pparm_ros2/environment/ament_prefix_path.dsv
[0.055s] -- Up-to-date: /home/telegdicsongor/Robot_projekt/pparm_ws/install/pparm_ros2/share/pparm_ros2/environment/path.sh
[0.055s] -- Up-to-date: /home/telegdicsongor/Robot_projekt/pparm_ws/install/pparm_ros2/share/pparm_ros2/environment/path.dsv
[0.055s] -- Up-to-date: /home/telegdicsongor/Robot_projekt/pparm_ws/install/pparm_ros2/share/pparm_ros2/local_setup.bash
[0.055s] -- Up-to-date: /home/telegdicsongor/Robot_projekt/pparm_ws/install/pparm_ros2/share/pparm_ros2/local_setup.sh
[0.055s] -- Up-to-date: /home/telegdicsongor/Robot_projekt/pparm_ws/install/pparm_ros2/share/pparm_ros2/local_setup.zsh
[0.055s] -- Up-to-date: /home/telegdicsongor/Robot_projekt/pparm_ws/install/pparm_ros2/share/pparm_ros2/local_setup.dsv
[0.055s] -- Installing: /home/telegdicsongor/Robot_projekt/pparm_ws/install/pparm_ros2/share/pparm_ros2/package.dsv
[0.055s] -- Up-to-date: /home/telegdicsongor/Robot_projekt/pparm_ws/install/pparm_ros2/share/ament_index/resource_index/packages/pparm_ros2
[0.055s] -- Up-to-date: /home/telegdicsongor/Robot_projekt/pparm_ws/install/pparm_ros2/share/pparm_ros2/cmake/pparm_ros2Config.cmake
[0.055s] -- Up-to-date: /home/telegdicsongor/Robot_projekt/pparm_ws/install/pparm_ros2/share/pparm_ros2/cmake/pparm_ros2Config-version.cmake
[0.055s] -- Up-to-date: /home/telegdicsongor/Robot_projekt/pparm_ws/install/pparm_ros2/share/pparm_ros2/package.xml
[0.056s] Invoked command in '/home/telegdicsongor/Robot_projekt/pparm_ws/build/pparm_ros2' returned '0': CMAKE_PREFIX_PATH=${CMAKE_PREFIX_PATH}:/opt/ros/jazzy DEBUGINFOD_URLS=https://debuginfod.ubuntu.com /usr/bin/cmake --install /home/telegdicsongor/Robot_projekt/pparm_ws/build/pparm_ros2
