[0.013s] Invoking command in '/home/telegdicsongor/Robot_projekt/pparm_ws/build/pparm_ros2': CMAKE_PREFIX_PATH=${CMAKE_PREFIX_PATH}:/opt/ros/jazzy DEBUGINFOD_URLS=https://debuginfod.ubuntu.com /usr/bin/cmake --build /home/telegdicsongor/Robot_projekt/pparm_ws/build/pparm_ros2 -- -j4 -l4
[0.090s] -- Found ament_cmake: 2.5.5 (/opt/ros/jazzy/share/ament_cmake/cmake)
[0.324s] -- Configuring done (0.2s)
[0.328s] -- Generating done (0.0s)
[0.329s] -- Build files have been written to: /home/telegdicsongor/Robot_projekt/pparm_ws/build/pparm_ros2
[0.346s] Invoked command in '/home/telegdicsongor/Robot_projekt/pparm_ws/build/pparm_ros2' returned '0': CMAKE_PREFIX_PATH=${CMAKE_PREFIX_PATH}:/opt/ros/jazzy DEBUGINFOD_URLS=https://debuginfod.ubuntu.com /usr/bin/cmake --build /home/telegdicsongor/Robot_projekt/pparm_ws/build/pparm_ros2 -- -j4 -l4
[0.356s] Invoking command in '/home/telegdicsongor/Robot_projekt/pparm_ws/build/pparm_ros2': CMAKE_PREFIX_PATH=${CMAKE_PREFIX_PATH}:/opt/ros/jazzy DEBUGINFOD_URLS=https://debuginfod.ubuntu.com /usr/bin/cmake --install /home/telegdicsongor/Robot_projekt/pparm_ws/build/pparm_ros2
[0.363s] -- Install configuration: ""
[0.363s] -- Up-to-date: /home/telegdicsongor/Robot_projekt/pparm_ws/install/pparm_ros2/share/pparm_ros2/launch
[0.363s] -- Up-to-date: /home/telegdicsongor/Robot_projekt/pparm_ws/install/pparm_ros2/share/pparm_ros2/launch/pp_world.launch.py
[0.363s] -- Up-to-date: /home/telegdicsongor/Robot_projekt/pparm_ws/install/pparm_ros2/share/pparm_ros2/launch/check_urdf.launch.py
[0.363s] -- Up-to-date: /home/telegdicsongor/Robot_projekt/pparm_ws/install/pparm_ros2/share/pparm_ros2/worlds
[0.363s] -- Up-to-date: /home/telegdicsongor/Robot_projekt/pparm_ws/install/pparm_ros2/share/pparm_ros2/worlds/pp_world.sdf
[0.363s] -- Up-to-date: /home/telegdicsongor/Robot_projekt/pparm_ws/install/pparm_ros2/share/pparm_ros2/urdf
[0.363s] -- Up-to-date: /home/telegdicsongor/Robot_projekt/pparm_ws/install/pparm_ros2/share/pparm_ros2/urdf/arm.urdf
[0.363s] -- Up-to-date: /home/telegdicsongor/Robot_projekt/pparm_ws/install/pparm_ros2/share/pparm_ros2/rviz
[0.363s] -- Up-to-date: /home/telegdicsongor/Robot_projekt/pparm_ws/install/pparm_ros2/share/pparm_ros2/meshes
[0.364s] -- Installing: /home/telegdicsongor/Robot_projekt/pparm_ws/install/pparm_ros2/share/ament_index/resource_index/package_run_dependencies/pparm_ros2
[0.364s] -- Installing: /home/telegdicsongor/Robot_projekt/pparm_ws/install/pparm_ros2/share/ament_index/resource_index/parent_prefix_path/pparm_ros2
[0.364s] -- Up-to-date: /home/telegdicsongor/Robot_projekt/pparm_ws/install/pparm_ros2/share/pparm_ros2/environment/ament_prefix_path.sh
[0.364s] -- Up-to-date: /home/telegdicsongor/Robot_projekt/pparm_ws/install/pparm_ros2/share/pparm_ros2/environment/ament_prefix_path.dsv
[0.364s] -- Up-to-date: /home/telegdicsongor/Robot_projekt/pparm_ws/install/pparm_ros2/share/pparm_ros2/environment/path.sh
[0.364s] -- Up-to-date: /home/telegdicsongor/Robot_projekt/pparm_ws/install/pparm_ros2/share/pparm_ros2/environment/path.dsv
[0.364s] -- Up-to-date: /home/telegdicsongor/Robot_projekt/pparm_ws/install/pparm_ros2/share/pparm_ros2/local_setup.bash
[0.364s] -- Up-to-date: /home/telegdicsongor/Robot_projekt/pparm_ws/install/pparm_ros2/share/pparm_ros2/local_setup.sh
[0.364s] -- Up-to-date: /home/telegdicsongor/Robot_projekt/pparm_ws/install/pparm_ros2/share/pparm_ros2/local_setup.zsh
[0.364s] -- Up-to-date: /home/telegdicsongor/Robot_projekt/pparm_ws/install/pparm_ros2/share/pparm_ros2/local_setup.dsv
[0.364s] -- Up-to-date: /home/telegdicsongor/Robot_projekt/pparm_ws/install/pparm_ros2/share/pparm_ros2/package.dsv
[0.364s] -- Up-to-date: /home/telegdicsongor/Robot_projekt/pparm_ws/install/pparm_ros2/share/ament_index/resource_index/packages/pparm_ros2
[0.364s] -- Up-to-date: /home/telegdicsongor/Robot_projekt/pparm_ws/install/pparm_ros2/share/pparm_ros2/cmake/pparm_ros2Config.cmake
[0.364s] -- Up-to-date: /home/telegdicsongor/Robot_projekt/pparm_ws/install/pparm_ros2/share/pparm_ros2/cmake/pparm_ros2Config-version.cmake
[0.364s] -- Installing: /home/telegdicsongor/Robot_projekt/pparm_ws/install/pparm_ros2/share/pparm_ros2/package.xml
[0.365s] Invoked command in '/home/telegdicsongor/Robot_projekt/pparm_ws/build/pparm_ros2' returned '0': CMAKE_PREFIX_PATH=${CMAKE_PREFIX_PATH}:/opt/ros/jazzy DEBUGINFOD_URLS=https://debuginfod.ubuntu.com /usr/bin/cmake --install /home/telegdicsongor/Robot_projekt/pparm_ws/build/pparm_ros2
