[0.160s] DEBUG:colcon:Command line arguments: ['/usr/bin/colcon', 'build']
[0.160s] DEBUG:colcon:Parsed command line arguments: Namespace(log_base=None, log_level=None, verb_name='build', build_base='build', install_base='install', merge_install=False, symlink_install=False, test_result_base=None, continue_on_error=False, executor='parallel', parallel_workers=4, event_handlers=None, ignore_user_meta=False, metas=['./colcon.meta'], base_paths=['.'], packages_ignore=None, packages_ignore_regex=None, paths=None, packages_up_to=None, packages_up_to_regex=None, packages_above=None, packages_above_and_dependencies=None, packages_above_depth=None, packages_select_by_dep=None, packages_skip_by_dep=None, packages_skip_up_to=None, packages_select_build_failed=False, packages_skip_build_finished=False, packages_select_test_failures=False, packages_skip_test_passed=False, packages_select=None, packages_skip=None, packages_select_regex=None, packages_skip_regex=None, packages_start=None, packages_end=None, allow_overriding=[], cmake_args=None, cmake_target=None, cmake_target_skip_unavailable=False, cmake_clean_cache=False, cmake_clean_first=False, cmake_force_configure=False, ament_cmake_args=None, catkin_cmake_args=None, catkin_skip_building_tests=False, mixin_files=None, mixin=None, verb_parser=<colcon_mixin.mixin.mixin_argument.MixinArgumentDecorator object at 0xfd79b22fa900>, verb_extension=<colcon_core.verb.build.BuildVerb object at 0xfd79b24bb0b0>, main=<bound method BuildVerb.main of <colcon_core.verb.build.BuildVerb object at 0xfd79b24bb0b0>>, mixin_verb=('build',))
[0.267s] Level 1:colcon.colcon_core.package_discovery:discover_packages(colcon_meta) check parameters
[0.267s] Level 1:colcon.colcon_core.package_discovery:discover_packages(recursive) check parameters
[0.267s] Level 1:colcon.colcon_core.package_discovery:discover_packages(ignore) check parameters
[0.267s] Level 1:colcon.colcon_core.package_discovery:discover_packages(path) check parameters
[0.267s] Level 1:colcon.colcon_core.package_discovery:discover_packages(colcon_meta) discover
[0.267s] Level 1:colcon.colcon_core.package_discovery:discover_packages(recursive) discover
[0.267s] INFO:colcon.colcon_core.package_discovery:Crawling recursively for packages in '/home/telegdicsongor/Robot_projekt/pparm_ws'
[0.267s] Level 1:colcon.colcon_core.package_identification:_identify(.) by extensions ['ignore', 'ignore_ament_install']
[0.267s] Level 1:colcon.colcon_core.package_identification:_identify(.) by extension 'ignore'
[0.267s] Level 1:colcon.colcon_core.package_identification:_identify(.) by extension 'ignore_ament_install'
[0.267s] Level 1:colcon.colcon_core.package_identification:_identify(.) by extensions ['colcon_pkg']
[0.267s] Level 1:colcon.colcon_core.package_identification:_identify(.) by extension 'colcon_pkg'
[0.267s] Level 1:colcon.colcon_core.package_identification:_identify(.) by extensions ['colcon_meta']
[0.267s] Level 1:colcon.colcon_core.package_identification:_identify(.) by extension 'colcon_meta'
[0.267s] Level 1:colcon.colcon_core.package_identification:_identify(.) by extensions ['ros']
[0.267s] Level 1:colcon.colcon_core.package_identification:_identify(.) by extension 'ros'
[0.287s] Level 1:colcon.colcon_core.package_identification:_identify(.) by extensions ['cmake', 'python']
[0.288s] Level 1:colcon.colcon_core.package_identification:_identify(.) by extension 'cmake'
[0.288s] Level 1:colcon.colcon_core.package_identification:_identify(.) by extension 'python'
[0.288s] Level 1:colcon.colcon_core.package_identification:_identify(.) by extensions ['python_setup_py']
[0.288s] Level 1:colcon.colcon_core.package_identification:_identify(.) by extension 'python_setup_py'
[0.288s] Level 1:colcon.colcon_core.package_identification:_identify(build) by extensions ['ignore', 'ignore_ament_install']
[0.288s] Level 1:colcon.colcon_core.package_identification:_identify(build) by extension 'ignore'
[0.288s] Level 1:colcon.colcon_core.package_identification:_identify(build) ignored
[0.288s] Level 1:colcon.colcon_core.package_identification:_identify(install) by extensions ['ignore', 'ignore_ament_install']
[0.288s] Level 1:colcon.colcon_core.package_identification:_identify(install) by extension 'ignore'
[0.288s] Level 1:colcon.colcon_core.package_identification:_identify(install) ignored
[0.288s] Level 1:colcon.colcon_core.package_identification:_identify(log) by extensions ['ignore', 'ignore_ament_install']
[0.288s] Level 1:colcon.colcon_core.package_identification:_identify(log) by extension 'ignore'
[0.288s] Level 1:colcon.colcon_core.package_identification:_identify(log) ignored
[0.288s] Level 1:colcon.colcon_core.package_identification:_identify(src) by extensions ['ignore', 'ignore_ament_install']
[0.288s] Level 1:colcon.colcon_core.package_identification:_identify(src) by extension 'ignore'
[0.288s] Level 1:colcon.colcon_core.package_identification:_identify(src) by extension 'ignore_ament_install'
[0.288s] Level 1:colcon.colcon_core.package_identification:_identify(src) by extensions ['colcon_pkg']
[0.288s] Level 1:colcon.colcon_core.package_identification:_identify(src) by extension 'colcon_pkg'
[0.288s] Level 1:colcon.colcon_core.package_identification:_identify(src) by extensions ['colcon_meta']
[0.288s] Level 1:colcon.colcon_core.package_identification:_identify(src) by extension 'colcon_meta'
[0.288s] Level 1:colcon.colcon_core.package_identification:_identify(src) by extensions ['ros']
[0.288s] Level 1:colcon.colcon_core.package_identification:_identify(src) by extension 'ros'
[0.288s] Level 1:colcon.colcon_core.package_identification:_identify(src) by extensions ['cmake', 'python']
[0.288s] Level 1:colcon.colcon_core.package_identification:_identify(src) by extension 'cmake'
[0.288s] Level 1:colcon.colcon_core.package_identification:_identify(src) by extension 'python'
[0.288s] Level 1:colcon.colcon_core.package_identification:_identify(src) by extensions ['python_setup_py']
[0.288s] Level 1:colcon.colcon_core.package_identification:_identify(src) by extension 'python_setup_py'
[0.288s] Level 1:colcon.colcon_core.package_identification:_identify(src/pparm_ros2) by extensions ['ignore', 'ignore_ament_install']
[0.288s] Level 1:colcon.colcon_core.package_identification:_identify(src/pparm_ros2) by extension 'ignore'
[0.288s] Level 1:colcon.colcon_core.package_identification:_identify(src/pparm_ros2) by extension 'ignore_ament_install'
[0.288s] Level 1:colcon.colcon_core.package_identification:_identify(src/pparm_ros2) by extensions ['colcon_pkg']
[0.288s] Level 1:colcon.colcon_core.package_identification:_identify(src/pparm_ros2) by extension 'colcon_pkg'
[0.288s] Level 1:colcon.colcon_core.package_identification:_identify(src/pparm_ros2) by extensions ['colcon_meta']
[0.288s] Level 1:colcon.colcon_core.package_identification:_identify(src/pparm_ros2) by extension 'colcon_meta'
[0.288s] Level 1:colcon.colcon_core.package_identification:_identify(src/pparm_ros2) by extensions ['ros']
[0.288s] Level 1:colcon.colcon_core.package_identification:_identify(src/pparm_ros2) by extension 'ros'
[0.290s] DEBUG:colcon.colcon_core.package_identification:Package 'src/pparm_ros2' with type 'ros.ament_cmake' and name 'pparm_ros2'
[0.290s] Level 1:colcon.colcon_core.package_discovery:discover_packages(recursive) using defaults
[0.290s] Level 1:colcon.colcon_core.package_discovery:discover_packages(ignore) discover
[0.290s] Level 1:colcon.colcon_core.package_discovery:discover_packages(ignore) using defaults
[0.290s] Level 1:colcon.colcon_core.package_discovery:discover_packages(path) discover
[0.290s] Level 1:colcon.colcon_core.package_discovery:discover_packages(path) using defaults
[0.308s] Level 1:colcon.colcon_core.package_discovery:discover_packages(prefix_path) check parameters
[0.308s] Level 1:colcon.colcon_core.package_discovery:discover_packages(prefix_path) discover
[0.313s] DEBUG:colcon.colcon_installed_package_information.package_discovery:Found 1 installed packages in /home/telegdicsongor/Robot_projekt/pparm_ws/install
[0.314s] DEBUG:colcon.colcon_installed_package_information.package_discovery:Found 323 installed packages in /opt/ros/jazzy
[0.314s] Level 1:colcon.colcon_core.package_discovery:discover_packages(prefix_path) using defaults
[0.379s] Level 5:colcon.colcon_core.verb:set package 'pparm_ros2' build argument 'cmake_args' from command line to 'None'
[0.379s] Level 5:colcon.colcon_core.verb:set package 'pparm_ros2' build argument 'cmake_target' from command line to 'None'
[0.379s] Level 5:colcon.colcon_core.verb:set package 'pparm_ros2' build argument 'cmake_target_skip_unavailable' from command line to 'False'
[0.379s] Level 5:colcon.colcon_core.verb:set package 'pparm_ros2' build argument 'cmake_clean_cache' from command line to 'False'
[0.379s] Level 5:colcon.colcon_core.verb:set package 'pparm_ros2' build argument 'cmake_clean_first' from command line to 'False'
[0.379s] Level 5:colcon.colcon_core.verb:set package 'pparm_ros2' build argument 'cmake_force_configure' from command line to 'False'
[0.379s] Level 5:colcon.colcon_core.verb:set package 'pparm_ros2' build argument 'ament_cmake_args' from command line to 'None'
[0.379s] Level 5:colcon.colcon_core.verb:set package 'pparm_ros2' build argument 'catkin_cmake_args' from command line to 'None'
[0.379s] Level 5:colcon.colcon_core.verb:set package 'pparm_ros2' build argument 'catkin_skip_building_tests' from command line to 'False'
[0.379s] DEBUG:colcon.colcon_core.verb:Building package 'pparm_ros2' with the following arguments: {'ament_cmake_args': None, 'build_base': '/home/telegdicsongor/Robot_projekt/pparm_ws/build/pparm_ros2', 'catkin_cmake_args': None, 'catkin_skip_building_tests': False, 'cmake_args': None, 'cmake_clean_cache': False, 'cmake_clean_first': False, 'cmake_force_configure': False, 'cmake_target': None, 'cmake_target_skip_unavailable': False, 'install_base': '/home/telegdicsongor/Robot_projekt/pparm_ws/install/pparm_ros2', 'merge_install': False, 'path': '/home/telegdicsongor/Robot_projekt/pparm_ws/src/pparm_ros2', 'symlink_install': False, 'test_result_base': None}
[0.379s] INFO:colcon.colcon_core.executor:Executing jobs using 'parallel' executor
[0.379s] DEBUG:colcon.colcon_parallel_executor.executor.parallel:run_until_complete
[0.380s] INFO:colcon.colcon_ros.task.ament_cmake.build:Building ROS package in '/home/telegdicsongor/Robot_projekt/pparm_ws/src/pparm_ros2' with build type 'ament_cmake'
[0.380s] INFO:colcon.colcon_cmake.task.cmake.build:Building CMake package in '/home/telegdicsongor/Robot_projekt/pparm_ws/src/pparm_ros2'
[0.383s] INFO:colcon.colcon_core.plugin_system:Skipping extension 'colcon_core.shell.bat': Not used on non-Windows systems
[0.383s] INFO:colcon.colcon_core.shell:Skip shell extension 'powershell' for command environment: Not usable outside of PowerShell
[0.383s] DEBUG:colcon.colcon_core.shell:Skip shell extension 'dsv' for command environment
[0.389s] DEBUG:colcon.colcon_core.event_handler.log_command:Invoking command in '/home/telegdicsongor/Robot_projekt/pparm_ws/build/pparm_ros2': CMAKE_PREFIX_PATH=${CMAKE_PREFIX_PATH}:/opt/ros/jazzy DEBUGINFOD_URLS=https://debuginfod.ubuntu.com /usr/bin/cmake --build /home/telegdicsongor/Robot_projekt/pparm_ws/build/pparm_ros2 -- -j4 -l4
[0.449s] DEBUG:colcon.colcon_core.event_handler.log_command:Invoked command in '/home/telegdicsongor/Robot_projekt/pparm_ws/build/pparm_ros2' returned '0': CMAKE_PREFIX_PATH=${CMAKE_PREFIX_PATH}:/opt/ros/jazzy DEBUGINFOD_URLS=https://debuginfod.ubuntu.com /usr/bin/cmake --build /home/telegdicsongor/Robot_projekt/pparm_ws/build/pparm_ros2 -- -j4 -l4
[0.455s] DEBUG:colcon.colcon_core.event_handler.log_command:Invoking command in '/home/telegdicsongor/Robot_projekt/pparm_ws/build/pparm_ros2': CMAKE_PREFIX_PATH=${CMAKE_PREFIX_PATH}:/opt/ros/jazzy DEBUGINFOD_URLS=https://debuginfod.ubuntu.com /usr/bin/cmake --install /home/telegdicsongor/Robot_projekt/pparm_ws/build/pparm_ros2
[0.462s] Level 1:colcon.colcon_core.environment:create_environment_scripts_only(pparm_ros2)
[0.463s] DEBUG:colcon.colcon_core.event_handler.log_command:Invoked command in '/home/telegdicsongor/Robot_projekt/pparm_ws/build/pparm_ros2' returned '0': CMAKE_PREFIX_PATH=${CMAKE_PREFIX_PATH}:/opt/ros/jazzy DEBUGINFOD_URLS=https://debuginfod.ubuntu.com /usr/bin/cmake --install /home/telegdicsongor/Robot_projekt/pparm_ws/build/pparm_ros2
[0.465s] Level 1:colcon.colcon_core.environment:checking '/home/telegdicsongor/Robot_projekt/pparm_ws/install/pparm_ros2' for CMake module files
[0.466s] Level 1:colcon.colcon_core.environment:checking '/home/telegdicsongor/Robot_projekt/pparm_ws/install/pparm_ros2' for CMake config files
[0.466s] Level 1:colcon.colcon_core.shell:create_environment_hook('pparm_ros2', 'cmake_prefix_path')
[0.466s] INFO:colcon.colcon_core.shell:Creating environment hook '/home/telegdicsongor/Robot_projekt/pparm_ws/install/pparm_ros2/share/pparm_ros2/hook/cmake_prefix_path.ps1'
[0.467s] INFO:colcon.colcon_core.shell:Creating environment descriptor '/home/telegdicsongor/Robot_projekt/pparm_ws/install/pparm_ros2/share/pparm_ros2/hook/cmake_prefix_path.dsv'
[0.467s] INFO:colcon.colcon_core.shell:Creating environment hook '/home/telegdicsongor/Robot_projekt/pparm_ws/install/pparm_ros2/share/pparm_ros2/hook/cmake_prefix_path.sh'
[0.468s] Level 1:colcon.colcon_core.environment:checking '/home/telegdicsongor/Robot_projekt/pparm_ws/install/pparm_ros2/bin'
[0.468s] Level 1:colcon.colcon_core.environment:checking '/home/telegdicsongor/Robot_projekt/pparm_ws/install/pparm_ros2/lib/pkgconfig/pparm_ros2.pc'
[0.468s] Level 1:colcon.colcon_core.environment:checking '/home/telegdicsongor/Robot_projekt/pparm_ws/install/pparm_ros2/lib/python3.12/site-packages'
[0.468s] Level 1:colcon.colcon_core.environment:checking '/home/telegdicsongor/Robot_projekt/pparm_ws/install/pparm_ros2/bin'
[0.469s] INFO:colcon.colcon_core.shell:Creating package script '/home/telegdicsongor/Robot_projekt/pparm_ws/install/pparm_ros2/share/pparm_ros2/package.ps1'
[0.469s] INFO:colcon.colcon_core.shell:Creating package descriptor '/home/telegdicsongor/Robot_projekt/pparm_ws/install/pparm_ros2/share/pparm_ros2/package.dsv'
[0.469s] INFO:colcon.colcon_core.shell:Creating package script '/home/telegdicsongor/Robot_projekt/pparm_ws/install/pparm_ros2/share/pparm_ros2/package.sh'
[0.470s] INFO:colcon.colcon_core.shell:Creating package script '/home/telegdicsongor/Robot_projekt/pparm_ws/install/pparm_ros2/share/pparm_ros2/package.bash'
[0.470s] INFO:colcon.colcon_core.shell:Creating package script '/home/telegdicsongor/Robot_projekt/pparm_ws/install/pparm_ros2/share/pparm_ros2/package.zsh'
[0.471s] Level 1:colcon.colcon_core.environment:create_file_with_runtime_dependencies(/home/telegdicsongor/Robot_projekt/pparm_ws/install/pparm_ros2/share/colcon-core/packages/pparm_ros2)
[0.471s] Level 1:colcon.colcon_core.environment:create_environment_scripts_only(pparm_ros2)
[0.471s] Level 1:colcon.colcon_core.environment:checking '/home/telegdicsongor/Robot_projekt/pparm_ws/install/pparm_ros2' for CMake module files
[0.471s] Level 1:colcon.colcon_core.environment:checking '/home/telegdicsongor/Robot_projekt/pparm_ws/install/pparm_ros2' for CMake config files
[0.471s] Level 1:colcon.colcon_core.shell:create_environment_hook('pparm_ros2', 'cmake_prefix_path')
[0.472s] INFO:colcon.colcon_core.shell:Creating environment hook '/home/telegdicsongor/Robot_projekt/pparm_ws/install/pparm_ros2/share/pparm_ros2/hook/cmake_prefix_path.ps1'
[0.472s] INFO:colcon.colcon_core.shell:Creating environment descriptor '/home/telegdicsongor/Robot_projekt/pparm_ws/install/pparm_ros2/share/pparm_ros2/hook/cmake_prefix_path.dsv'
[0.472s] INFO:colcon.colcon_core.shell:Creating environment hook '/home/telegdicsongor/Robot_projekt/pparm_ws/install/pparm_ros2/share/pparm_ros2/hook/cmake_prefix_path.sh'
[0.472s] Level 1:colcon.colcon_core.environment:checking '/home/telegdicsongor/Robot_projekt/pparm_ws/install/pparm_ros2/bin'
[0.472s] Level 1:colcon.colcon_core.environment:checking '/home/telegdicsongor/Robot_projekt/pparm_ws/install/pparm_ros2/lib/pkgconfig/pparm_ros2.pc'
[0.472s] Level 1:colcon.colcon_core.environment:checking '/home/telegdicsongor/Robot_projekt/pparm_ws/install/pparm_ros2/lib/python3.12/site-packages'
[0.473s] Level 1:colcon.colcon_core.environment:checking '/home/telegdicsongor/Robot_projekt/pparm_ws/install/pparm_ros2/bin'
[0.473s] INFO:colcon.colcon_core.shell:Creating package script '/home/telegdicsongor/Robot_projekt/pparm_ws/install/pparm_ros2/share/pparm_ros2/package.ps1'
[0.473s] INFO:colcon.colcon_core.shell:Creating package descriptor '/home/telegdicsongor/Robot_projekt/pparm_ws/install/pparm_ros2/share/pparm_ros2/package.dsv'
[0.473s] INFO:colcon.colcon_core.shell:Creating package script '/home/telegdicsongor/Robot_projekt/pparm_ws/install/pparm_ros2/share/pparm_ros2/package.sh'
[0.473s] INFO:colcon.colcon_core.shell:Creating package script '/home/telegdicsongor/Robot_projekt/pparm_ws/install/pparm_ros2/share/pparm_ros2/package.bash'
[0.474s] INFO:colcon.colcon_core.shell:Creating package script '/home/telegdicsongor/Robot_projekt/pparm_ws/install/pparm_ros2/share/pparm_ros2/package.zsh'
[0.474s] Level 1:colcon.colcon_core.environment:create_file_with_runtime_dependencies(/home/telegdicsongor/Robot_projekt/pparm_ws/install/pparm_ros2/share/colcon-core/packages/pparm_ros2)
[0.474s] DEBUG:colcon.colcon_parallel_executor.executor.parallel:closing loop
[0.474s] DEBUG:colcon.colcon_parallel_executor.executor.parallel:loop closed
[0.474s] DEBUG:colcon.colcon_parallel_executor.executor.parallel:run_until_complete finished with '0'
[0.474s] DEBUG:colcon.colcon_core.event_reactor:joining thread
[0.481s] INFO:colcon.colcon_core.plugin_system:Skipping extension 'colcon_notification.desktop_notification.terminal_notifier': Not used on non-Darwin systems
[0.481s] INFO:colcon.colcon_core.plugin_system:Skipping extension 'colcon_notification.desktop_notification.win32': Not used on non-Windows systems
[0.481s] INFO:colcon.colcon_notification.desktop_notification:Sending desktop notification using 'notify2'
[0.521s] DEBUG:colcon.colcon_core.event_reactor:joined thread
[0.521s] INFO:colcon.colcon_core.shell:Creating prefix script '/home/telegdicsongor/Robot_projekt/pparm_ws/install/local_setup.ps1'
[0.522s] INFO:colcon.colcon_core.shell:Creating prefix util module '/home/telegdicsongor/Robot_projekt/pparm_ws/install/_local_setup_util_ps1.py'
[0.523s] INFO:colcon.colcon_core.shell:Creating prefix chain script '/home/telegdicsongor/Robot_projekt/pparm_ws/install/setup.ps1'
[0.524s] INFO:colcon.colcon_core.shell:Creating prefix script '/home/telegdicsongor/Robot_projekt/pparm_ws/install/local_setup.sh'
[0.525s] INFO:colcon.colcon_core.shell:Creating prefix util module '/home/telegdicsongor/Robot_projekt/pparm_ws/install/_local_setup_util_sh.py'
[0.525s] INFO:colcon.colcon_core.shell:Creating prefix chain script '/home/telegdicsongor/Robot_projekt/pparm_ws/install/setup.sh'
[0.526s] INFO:colcon.colcon_core.shell:Creating prefix script '/home/telegdicsongor/Robot_projekt/pparm_ws/install/local_setup.bash'
[0.526s] INFO:colcon.colcon_core.shell:Creating prefix chain script '/home/telegdicsongor/Robot_projekt/pparm_ws/install/setup.bash'
[0.526s] INFO:colcon.colcon_core.shell:Creating prefix script '/home/telegdicsongor/Robot_projekt/pparm_ws/install/local_setup.zsh'
[0.527s] INFO:colcon.colcon_core.shell:Creating prefix chain script '/home/telegdicsongor/Robot_projekt/pparm_ws/install/setup.zsh'
